TN:
SF:/Users/dougmarch/Projects/cl/build/components/Button/index.js
FN:21,_interopRequireDefault
FN:23,_taggedTemplateLiteral
FN:27,Button
FNF:3
FNH:3
FNDA:3,_interopRequireDefault
FNDA:1,_taggedTemplateLiteral
FNDA:1,Button
DA:3,1
DA:7,1
DA:9,1
DA:11,1
DA:13,1
DA:15,1
DA:17,1
DA:19,1
DA:21,3
DA:23,1
DA:25,1
DA:27,1
DA:28,1
DA:29,1
DA:30,1
DA:39,1
DA:44,1
LF:17
LH:17
BRDA:21,0,0,1
BRDA:21,0,1,2
BRDA:21,1,0,3
BRDA:21,1,1,3
BRF:4
BRH:4
end_of_record
TN:
SF:/Users/dougmarch/Projects/cl/build/components/Button/index.test.js
FN:7,(anonymous_1)
FNF:1
FNH:1
FNDA:1,(anonymous_1)
DA:1,1
DA:2,1
DA:3,1
DA:5,1
DA:7,1
DA:8,1
DA:9,1
LF:7
LH:7
BRF:0
BRH:0
end_of_record
